2025-06-23 10:28:31,284 INFO    MainThread:2262 [wandb_init.py:setup_run_log_directory():703] Logging user logs to /home/tibor/Documents/Python/mosquito-egg-identification/wandb/run-20250623_102831-srjufs8s/logs/debug.log
2025-06-23 10:28:31,284 INFO    MainThread:2262 [wandb_init.py:setup_run_log_directory():704] Logging internal logs to /home/tibor/Documents/Python/mosquito-egg-identification/wandb/run-20250623_102831-srjufs8s/logs/debug-internal.log
2025-06-23 10:28:31,284 INFO    MainThread:2262 [wandb_init.py:init():831] calling init triggers
2025-06-23 10:28:31,284 INFO    MainThread:2262 [wandb_init.py:init():836] wandb.init called with sweep_config: {}
config: {'architecture': 'EfficientNetV2B0', 'input_shape': (200, 200, 3), 'epochs': 10, 'batch_size': 20, 'optimizer': 'adam', 'loss': 'categorical_crossentropy', 'num_classes': 2, '_wandb': {}}
2025-06-23 10:29:23,634 WARNING MainThread:2262 [wandb_init.py:init():1613] [no run ID] interrupted
Traceback (most recent call last):
  File "/home/tibor/Documents/Python/mosquito-egg-identification/venv/lib/python3.12/site-packages/wandb/sdk/wandb_init.py", line 1609, in init
    return wi.init(run_settings, run_config, run_printer)
           ^^^^^^^^^^^^^^^^^^^^^^^^^^^^^^^^^^^^^^^^^^^^^^
  File "/home/tibor/Documents/Python/mosquito-egg-identification/venv/lib/python3.12/site-packages/wandb/sdk/wandb_init.py", line 852, in init
    self._wl.finish_all_active_runs()
  File "/home/tibor/Documents/Python/mosquito-egg-identification/venv/lib/python3.12/site-packages/wandb/sdk/wandb_setup.py", line 163, in finish_all_active_runs
    run.finish()
  File "/home/tibor/Documents/Python/mosquito-egg-identification/venv/lib/python3.12/site-packages/wandb/sdk/wandb_run.py", line 391, in wrapper
    return func(self, *args, **kwargs)
           ^^^^^^^^^^^^^^^^^^^^^^^^^^^
  File "/home/tibor/Documents/Python/mosquito-egg-identification/venv/lib/python3.12/site-packages/wandb/sdk/wandb_run.py", line 436, in wrapper
    return func(self, *args, **kwargs)
           ^^^^^^^^^^^^^^^^^^^^^^^^^^^
  File "/home/tibor/Documents/Python/mosquito-egg-identification/venv/lib/python3.12/site-packages/wandb/sdk/wandb_run.py", line 2207, in finish
    return self._finish(exit_code)
           ^^^^^^^^^^^^^^^^^^^^^^^
  File "/home/tibor/Documents/Python/mosquito-egg-identification/venv/lib/python3.12/site-packages/wandb/sdk/wandb_run.py", line 391, in wrapper
    return func(self, *args, **kwargs)
           ^^^^^^^^^^^^^^^^^^^^^^^^^^^
  File "/home/tibor/Documents/Python/mosquito-egg-identification/venv/lib/python3.12/site-packages/wandb/sdk/wandb_run.py", line 2235, in _finish
    self._atexit_cleanup(exit_code=exit_code)
  File "/home/tibor/Documents/Python/mosquito-egg-identification/venv/lib/python3.12/site-packages/wandb/sdk/wandb_run.py", line 2430, in _atexit_cleanup
    self._on_finish()
  File "/home/tibor/Documents/Python/mosquito-egg-identification/venv/lib/python3.12/site-packages/wandb/sdk/wandb_run.py", line 2681, in _on_finish
    wait_with_progress(
  File "/home/tibor/Documents/Python/mosquito-egg-identification/venv/lib/python3.12/site-packages/wandb/sdk/mailbox/wait_with_progress.py", line 24, in wait_with_progress
    return wait_all_with_progress(
           ^^^^^^^^^^^^^^^^^^^^^^^
  File "/home/tibor/Documents/Python/mosquito-egg-identification/venv/lib/python3.12/site-packages/wandb/sdk/mailbox/wait_with_progress.py", line 87, in wait_all_with_progress
    return asyncio_compat.run(progress_loop_with_timeout)
           ^^^^^^^^^^^^^^^^^^^^^^^^^^^^^^^^^^^^^^^^^^^^^^
  File "/home/tibor/Documents/Python/mosquito-egg-identification/venv/lib/python3.12/site-packages/wandb/sdk/lib/asyncio_compat.py", line 30, in run
    return future.result()
           ^^^^^^^^^^^^^^^
  File "/usr/lib/python3.12/concurrent/futures/_base.py", line 451, in result
    self._condition.wait(timeout)
  File "/usr/lib/python3.12/threading.py", line 355, in wait
    waiter.acquire()
KeyboardInterrupt
2025-06-23 10:29:23,636 WARNING MsgRouterThr:2262 [router.py:message_loop():63] [no run ID] message_loop has been closed
Traceback (most recent call last):
  File "/home/tibor/Documents/Python/mosquito-egg-identification/venv/lib/python3.12/site-packages/wandb/sdk/interface/router_sock.py", line 27, in _read_message
    return self._sock_client.read_server_response(timeout=1)
           ^^^^^^^^^^^^^^^^^^^^^^^^^^^^^^^^^^^^^^^^^^^^^^^^^
  File "/home/tibor/Documents/Python/mosquito-egg-identification/venv/lib/python3.12/site-packages/wandb/sdk/lib/sock_client.py", line 235, in read_server_response
    data = self._read_packet_bytes(timeout=timeout)
           ^^^^^^^^^^^^^^^^^^^^^^^^^^^^^^^^^^^^^^^^
  File "/home/tibor/Documents/Python/mosquito-egg-identification/venv/lib/python3.12/site-packages/wandb/sdk/lib/sock_client.py", line 220, in _read_packet_bytes
    raise SockClientClosedError
wandb.sdk.lib.sock_client.SockClientClosedError

The above exception was the direct cause of the following exception:

Traceback (most recent call last):
  File "/home/tibor/Documents/Python/mosquito-egg-identification/venv/lib/python3.12/site-packages/wandb/sdk/interface/router.py", line 56, in message_loop
    msg = self._read_message()
          ^^^^^^^^^^^^^^^^^^^^
  File "/home/tibor/Documents/Python/mosquito-egg-identification/venv/lib/python3.12/site-packages/wandb/sdk/interface/router_sock.py", line 29, in _read_message
    raise MessageRouterClosedError from e
wandb.sdk.interface.router.MessageRouterClosedError
2025-06-23 10:29:23,646 INFO    MsgRouterThr:2262 [mailbox.py:close():129] [no run ID] Closing mailbox, abandoning 4 handles.
2025-06-23 10:29:27,913 ERROR   MainThread:2262 [wandb_init.py:init():1619] [no run ID] error in wandb.init()
Traceback (most recent call last):
  File "/home/tibor/Documents/Python/mosquito-egg-identification/venv/lib/python3.12/site-packages/wandb/sdk/wandb_init.py", line 1609, in init
    return wi.init(run_settings, run_config, run_printer)
           ^^^^^^^^^^^^^^^^^^^^^^^^^^^^^^^^^^^^^^^^^^^^^^
  File "/home/tibor/Documents/Python/mosquito-egg-identification/venv/lib/python3.12/site-packages/wandb/sdk/wandb_init.py", line 963, in init
    backend.interface.publish_header()
  File "/home/tibor/Documents/Python/mosquito-egg-identification/venv/lib/python3.12/site-packages/wandb/sdk/interface/interface.py", line 97, in publish_header
    self._publish_header(header)
  File "/home/tibor/Documents/Python/mosquito-egg-identification/venv/lib/python3.12/site-packages/wandb/sdk/interface/interface_shared.py", line 275, in _publish_header
    self._publish(rec)
  File "/home/tibor/Documents/Python/mosquito-egg-identification/venv/lib/python3.12/site-packages/wandb/sdk/interface/interface_sock.py", line 39, in _publish
    self._sock_client.send_record_publish(record)
  File "/home/tibor/Documents/Python/mosquito-egg-identification/venv/lib/python3.12/site-packages/wandb/sdk/lib/sock_client.py", line 174, in send_record_publish
    self.send_server_request(server_req)
  File "/home/tibor/Documents/Python/mosquito-egg-identification/venv/lib/python3.12/site-packages/wandb/sdk/lib/sock_client.py", line 154, in send_server_request
    self._send_message(msg)
  File "/home/tibor/Documents/Python/mosquito-egg-identification/venv/lib/python3.12/site-packages/wandb/sdk/lib/sock_client.py", line 151, in _send_message
    self._sendall_with_error_handle(header + data)
  File "/home/tibor/Documents/Python/mosquito-egg-identification/venv/lib/python3.12/site-packages/wandb/sdk/lib/sock_client.py", line 130, in _sendall_with_error_handle
    sent = self._sock.send(data)
           ^^^^^^^^^^^^^^^^^^^^^
BrokenPipeError: [Errno 32] Broken pipe
2025-06-23 10:30:05,097 ERROR   MainThread:2262 [wandb_init.py:init():1619] [no run ID] error in wandb.init()
Traceback (most recent call last):
  File "/home/tibor/Documents/Python/mosquito-egg-identification/venv/lib/python3.12/site-packages/wandb/sdk/wandb_init.py", line 1609, in init
    return wi.init(run_settings, run_config, run_printer)
           ^^^^^^^^^^^^^^^^^^^^^^^^^^^^^^^^^^^^^^^^^^^^^^
  File "/home/tibor/Documents/Python/mosquito-egg-identification/venv/lib/python3.12/site-packages/wandb/sdk/wandb_init.py", line 876, in init
    service.inform_init(
  File "/home/tibor/Documents/Python/mosquito-egg-identification/venv/lib/python3.12/site-packages/wandb/sdk/lib/service_connection.py", line 147, in inform_init
    self._client.send_server_request(spb.ServerRequest(inform_init=request))
  File "/home/tibor/Documents/Python/mosquito-egg-identification/venv/lib/python3.12/site-packages/wandb/sdk/lib/sock_client.py", line 154, in send_server_request
    self._send_message(msg)
  File "/home/tibor/Documents/Python/mosquito-egg-identification/venv/lib/python3.12/site-packages/wandb/sdk/lib/sock_client.py", line 151, in _send_message
    self._sendall_with_error_handle(header + data)
  File "/home/tibor/Documents/Python/mosquito-egg-identification/venv/lib/python3.12/site-packages/wandb/sdk/lib/sock_client.py", line 130, in _sendall_with_error_handle
    sent = self._sock.send(data)
           ^^^^^^^^^^^^^^^^^^^^^
BrokenPipeError: [Errno 32] Broken pipe
2025-06-23 10:30:59,642 ERROR   MainThread:2262 [wandb_init.py:init():1619] [no run ID] error in wandb.init()
Traceback (most recent call last):
  File "/home/tibor/Documents/Python/mosquito-egg-identification/venv/lib/python3.12/site-packages/wandb/sdk/wandb_init.py", line 1609, in init
    return wi.init(run_settings, run_config, run_printer)
           ^^^^^^^^^^^^^^^^^^^^^^^^^^^^^^^^^^^^^^^^^^^^^^
  File "/home/tibor/Documents/Python/mosquito-egg-identification/venv/lib/python3.12/site-packages/wandb/sdk/wandb_init.py", line 876, in init
    service.inform_init(
  File "/home/tibor/Documents/Python/mosquito-egg-identification/venv/lib/python3.12/site-packages/wandb/sdk/lib/service_connection.py", line 147, in inform_init
    self._client.send_server_request(spb.ServerRequest(inform_init=request))
  File "/home/tibor/Documents/Python/mosquito-egg-identification/venv/lib/python3.12/site-packages/wandb/sdk/lib/sock_client.py", line 154, in send_server_request
    self._send_message(msg)
  File "/home/tibor/Documents/Python/mosquito-egg-identification/venv/lib/python3.12/site-packages/wandb/sdk/lib/sock_client.py", line 151, in _send_message
    self._sendall_with_error_handle(header + data)
  File "/home/tibor/Documents/Python/mosquito-egg-identification/venv/lib/python3.12/site-packages/wandb/sdk/lib/sock_client.py", line 130, in _sendall_with_error_handle
    sent = self._sock.send(data)
           ^^^^^^^^^^^^^^^^^^^^^
BrokenPipeError: [Errno 32] Broken pipe
